A 555-333-212 00:02:03 : ((2 * 60) + 3) * 0.05 = 6.15
A 555-433-242 00:06:41 : ((3 * 60 * 0.05) + (((3 * 60) + 41) * 0.03) = 15.63
A 555-433-242 00:01:03 : 63 * 0.05 = 3.15
B 555-333-212 00:01:20 : 80 * 0.05 = 4
A 555-333-212 00:01:10 : 70 * 0.05 = 3.5
A 555-663-111 00:02:09 : ((2 * 60) + 9) * 0.05 = 6.45
A 555-333-212 00:04:28 : ((3 * 60 * 0.05) + ((60 + 28) * 0.03) = 11.64
B 555-334-789 00:00:03 : 3 * 0.05 = 0.15
A 555-663-111 00:02:03 : ((2 * 60) + 3 ) * 0.05 = 6.15
B 555-334-789 00:00:53 : 53 * 0.05 = 2.65
B 555-971-219 00:09:51 : ((3 * 60 * 0.05) + (((6 * 60) + 51) * 0.03) = 15.63
B 555-333-212 00:02:03 : ((2 * 60) + 3) * 0.05 = 6.15
B 555-333-212 00:04:31 : ((3 * 60 * 0.05) + ((60 + 31) * 0.03) = 11.73
B 555-334-789 00:01:59 : 119 * 0.05 = 5.95


by account and number

A 555-433-242 00:06:41 : ((3 * 60 * 0.05) + (((3 * 60) + 41) * 0.03) = 15.63
A 555-433-242 00:01:03 : 63 * 0.05 = 3.15
total : 18.78

A 555-333-212 00:02:03 : ((2 * 60) + 3) * 0.05 = 6.15
A 555-333-212 00:01:10 : 70 * 0.05 = 3.5
A 555-333-212 00:04:28 : ((3 * 60 * 0.05) + ((60 + 28) * 0.03) = 11.64
total: 21.29

A 555-663-111 00:02:09 : ((2 * 60) + 9) * 0.05 = 6.45
A 555-663-111 00:02:03 : ((2 * 60) + 3 ) * 0.05 = 6.15
total: 12.6

Account total: 52.67
promo: -21.29
final total: 31.38

B 555-334-789 00:00:03 : 3 * 0.05 = 0.15
B 555-334-789 00:00:53 : 53 * 0.05 = 2.65
B 555-334-789 00:01:59 : 119 * 0.05 = 5.95
total: 8.75

B 555-333-212 00:01:20 : 80 * 0.05 = 4
B 555-333-212 00:02:03 : ((2 * 60) + 3) * 0.05 = 6.15
total: 10.15

B 555-333-212 00:04:31 : ((3 * 60 * 0.05) + ((60 + 31) * 0.03) = 11.73
B 555-971-219 00:09:51 : ((3 * 60 * 0.05) + (((6 * 60) + 51) * 0.03) = 15.63
total : 27.63

Account total : 46.53
promo : -27.63
final total: 18.9